{"level":"DEBUG","location":"[debug:90] fyers_logger","message":{"Status Code":401,"API":"/history"},"timestamp":"2026-05-09 19:32:17,414+0530","service":"FyersAPIRequest"}
{"level":"DEBUG","location":"[debug:90] fyers_logger","message":{"Status Code":401,"API":"/history"},"timestamp":"2026-05-09 19:32:17,461+0530","service":"FyersAPIRequest"}
{"level":"DEBUG","location":"[debug:90] fyers_logger","message":{"Status Code":401,"API":"/history"},"timestamp":"2026-05-09 19:32:17,657+0530","service":"FyersAPIRequest"}
{"level":"DEBUG","location":"[debug:90] fyers_logger","message":{"Status Code":200,"API":"/quotes"},"timestamp":"2026-05-09 20:03:40,366+0530","service":"FyersAPIRequest"}
{"level":"DEBUG","location":"[debug:90] fyers_logger","message":{"Status Code":401,"API":"/options-chain-v3"},"timestamp":"2026-05-11 16:59:20,947+0530","service":"FyersAPIRequest"}
{"level":"DEBUG","location":"[debug:90] fyers_logger","message":{"Status Code":401,"API":"/history"},"timestamp":"2026-05-17 23:11:15,798+0530","service":"FyersAPIRequest"}
{"level":"DEBUG","location":"[debug:90] fyers_logger","message":{"Status Code":401,"API":"/options-chain-v3"},"timestamp":"2026-05-18 22:17:29,734+0530","service":"FyersAPIRequest"}
{"level":"DEBUG","location":"[debug:90] fyers_logger","message":{"Status Code":401,"API":"/quotes"},"timestamp":"2026-05-18 22:17:29,787+0530","service":"FyersAPIRequest"}
{"level":"DEBUG","location":"[debug:90] fyers_logger","message":{"Status Code":401,"API":"/history"},"timestamp":"2026-05-19 17:38:04,861+0530","service":"FyersAPIRequest"}
{"level":"DEBUG","location":"[debug:90] fyers_logger","message":{"Status Code":401,"API":"/history"},"timestamp":"2026-05-19 17:38:04,900+0530","service":"FyersAPIRequest"}
{"level":"DEBUG","location":"[debug:90] fyers_logger","message":{"Status Code":401,"API":"/history"},"timestamp":"2026-05-19 17:38:05,081+0530","service":"FyersAPIRequest"}
{"level":"DEBUG","location":"[debug:90] fyers_logger","message":{"Status Code":401,"API":"/history"},"timestamp":"2026-05-19 17:38:56,825+0530","service":"FyersAPIRequest"}
{"level":"DEBUG","location":"[debug:90] fyers_logger","message":{"Status Code":401,"API":"/history"},"timestamp":"2026-05-19 17:38:56,871+0530","service":"FyersAPIRequest"}
{"level":"DEBUG","location":"[debug:90] fyers_logger","message":{"Status Code":401,"API":"/history"},"timestamp":"2026-05-19 17:38:57,049+0530","service":"FyersAPIRequest"}
{"level":"DEBUG","location":"[debug:90] fyers_logger","message":{"Status Code":400,"API":"/profile"},"timestamp":"2026-05-19 17:39:16,574+0530","service":"FyersAPIRequest"}
{"level":"DEBUG","location":"[debug:90] fyers_logger","message":{"Status Code":200,"API":"/profile"},"timestamp":"2026-05-19 17:39:26,180+0530","service":"FyersAPIRequest"}
{"level":"DEBUG","location":"[debug:90] fyers_logger","message":{"Status Code":200,"API":"/history"},"timestamp":"2026-05-19 17:39:43,837+0530","service":"FyersAPIRequest"}
{"level":"DEBUG","location":"[debug:90] fyers_logger","message":{"Status Code":200,"API":"/history"},"timestamp":"2026-05-19 17:40:02,294+0530","service":"FyersAPIRequest"}
{"level":"DEBUG","location":"[debug:90] fyers_logger","message":{"Status Code":200,"API":"/history"},"timestamp":"2026-05-19 17:40:19,579+0530","service":"FyersAPIRequest"}
{"level":"DEBUG","location":"[debug:90] fyers_logger","message":{"Status Code":200,"API":"/profile"},"timestamp":"2026-05-24 21:39:23,667+0530","service":"FyersAPIRequest"}
{"level":"DEBUG","location":"[debug:90] fyers_logger","message":{"Status Code":200,"API":"/history"},"timestamp":"2026-05-24 21:39:23,733+0530","service":"FyersAPIRequest"}
{"level":"DEBUG","location":"[debug:90] fyers_logger","message":{"Status Code":200,"API":"/profile"},"timestamp":"2026-05-24 21:39:34,748+0530","service":"FyersAPIRequest"}
{"level":"DEBUG","location":"[debug:90] fyers_logger","message":{"Status Code":200,"API":"/history"},"timestamp":"2026-05-24 21:39:34,882+0530","service":"FyersAPIRequest"}
{"level":"DEBUG","location":"[debug:90] fyers_logger","message":{"Status Code":200,"API":"/history"},"timestamp":"2026-05-24 21:39:34,988+0530","service":"FyersAPIRequest"}
{"level":"DEBUG","location":"[debug:90] fyers_logger","message":{"Status Code":200,"API":"/history"},"timestamp":"2026-05-24 21:43:28,458+0530","service":"FyersAPIRequest"}
{"level":"DEBUG","location":"[debug:90] fyers_logger","message":{"Status Code":200,"API":"/history"},"timestamp":"2026-05-24 21:43:28,580+0530","service":"FyersAPIRequest"}
{"level":"DEBUG","location":"[debug:90] fyers_logger","message":{"Status Code":200,"API":"/history"},"timestamp":"2026-05-24 21:47:24,346+0530","service":"FyersAPIRequest"}
{"level":"DEBUG","location":"[debug:90] fyers_logger","message":{"Status Code":200,"API":"/history"},"timestamp":"2026-05-24 21:47:24,439+0530","service":"FyersAPIRequest"}
{"level":"DEBUG","location":"[debug:90] fyers_logger","message":{"Status Code":200,"API":"/history"},"timestamp":"2026-05-24 21:51:17,610+0530","service":"FyersAPIRequest"}
{"level":"DEBUG","location":"[debug:90] fyers_logger","message":{"Status Code":200,"API":"/history"},"timestamp":"2026-05-24 21:51:17,716+0530","service":"FyersAPIRequest"}
{"level":"DEBUG","location":"[debug:90] fyers_logger","message":{"Status Code":200,"API":"/history"},"timestamp":"2026-05-24 21:55:19,574+0530","service":"FyersAPIRequest"}
{"level":"DEBUG","location":"[debug:90] fyers_logger","message":{"Status Code":200,"API":"/history"},"timestamp":"2026-05-24 21:55:19,704+0530","service":"FyersAPIRequest"}
{"level":"DEBUG","location":"[debug:90] fyers_logger","message":{"Status Code":200,"API":"/profile"},"timestamp":"2026-05-24 22:06:51,548+0530","service":"FyersAPIRequest"}
{"level":"DEBUG","location":"[debug:90] fyers_logger","message":{"Status Code":200,"API":"/history"},"timestamp":"2026-05-24 22:06:51,595+0530","service":"FyersAPIRequest"}
{"level":"DEBUG","location":"[debug:90] fyers_logger","message":{"Status Code":200,"API":"/profile"},"timestamp":"2026-05-24 22:07:01,872+0530","service":"FyersAPIRequest"}
{"level":"DEBUG","location":"[debug:90] fyers_logger","message":{"Status Code":200,"API":"/history"},"timestamp":"2026-05-24 22:07:01,996+0530","service":"FyersAPIRequest"}
{"level":"DEBUG","location":"[debug:90] fyers_logger","message":{"Status Code":200,"API":"/history"},"timestamp":"2026-05-24 22:07:02,119+0530","service":"FyersAPIRequest"}
{"level":"DEBUG","location":"[debug:90] fyers_logger","message":{"Status Code":200,"API":"/history"},"timestamp":"2026-05-24 22:11:00,654+0530","service":"FyersAPIRequest"}
{"level":"DEBUG","location":"[debug:90] fyers_logger","message":{"Status Code":200,"API":"/history"},"timestamp":"2026-05-24 22:11:00,765+0530","service":"FyersAPIRequest"}
{"level":"DEBUG","location":"[debug:90] fyers_logger","message":{"Status Code":200,"API":"/history"},"timestamp":"2026-05-24 22:15:02,693+0530","service":"FyersAPIRequest"}
{"level":"DEBUG","location":"[debug:90] fyers_logger","message":{"Status Code":200,"API":"/history"},"timestamp":"2026-05-24 22:15:02,804+0530","service":"FyersAPIRequest"}
{"level":"DEBUG","location":"[debug:90] fyers_logger","message":{"Status Code":200,"API":"/profile"},"timestamp":"2026-05-24 22:17:09,685+0530","service":"FyersAPIRequest"}
{"level":"DEBUG","location":"[debug:90] fyers_logger","message":{"Status Code":422,"API":"/history"},"timestamp":"2026-05-24 22:17:09,737+0530","service":"FyersAPIRequest"}
{"level":"DEBUG","location":"[debug:90] fyers_logger","message":{"Status Code":422,"API":"/history"},"timestamp":"2026-05-24 22:17:09,915+0530","service":"FyersAPIRequest"}
{"level":"DEBUG","location":"[debug:90] fyers_logger","message":{"Status Code":422,"API":"/history"},"timestamp":"2026-05-24 22:17:10,090+0530","service":"FyersAPIRequest"}
{"level":"DEBUG","location":"[debug:90] fyers_logger","message":{"Status Code":422,"API":"/history"},"timestamp":"2026-05-24 22:17:10,266+0530","service":"FyersAPIRequest"}
{"level":"DEBUG","location":"[debug:90] fyers_logger","message":{"Status Code":422,"API":"/history"},"timestamp":"2026-05-24 22:17:10,448+0530","service":"FyersAPIRequest"}
{"level":"DEBUG","location":"[debug:90] fyers_logger","message":{"Status Code":422,"API":"/history"},"timestamp":"2026-05-24 22:17:10,642+0530","service":"FyersAPIRequest"}
{"level":"DEBUG","location":"[debug:90] fyers_logger","message":{"Status Code":200,"API":"/history"},"timestamp":"2026-05-24 22:18:55,901+0530","service":"FyersAPIRequest"}
{"level":"DEBUG","location":"[debug:90] fyers_logger","message":{"Status Code":200,"API":"/history"},"timestamp":"2026-05-24 22:18:56,026+0530","service":"FyersAPIRequest"}
{"level":"DEBUG","location":"[debug:90] fyers_logger","message":{"Status Code":200,"API":"/history"},"timestamp":"2026-05-24 22:22:54,872+0530","service":"FyersAPIRequest"}
{"level":"DEBUG","location":"[debug:90] fyers_logger","message":{"Status Code":200,"API":"/history"},"timestamp":"2026-05-24 22:22:54,998+0530","service":"FyersAPIRequest"}
{"level":"DEBUG","location":"[debug:90] fyers_logger","message":{"Status Code":200,"API":"/profile"},"timestamp":"2026-05-24 22:33:06,386+0530","service":"FyersAPIRequest"}
{"level":"DEBUG","location":"[debug:90] fyers_logger","message":{"Status Code":200,"API":"/history"},"timestamp":"2026-05-24 22:33:06,517+0530","service":"FyersAPIRequest"}
{"level":"DEBUG","location":"[debug:90] fyers_logger","message":{"Status Code":200,"API":"/history"},"timestamp":"2026-05-24 22:33:06,622+0530","service":"FyersAPIRequest"}
{"level":"DEBUG","location":"[debug:90] fyers_logger","message":{"Status Code":200,"API":"/history"},"timestamp":"2026-05-24 22:36:59,389+0530","service":"FyersAPIRequest"}
{"level":"DEBUG","location":"[debug:90] fyers_logger","message":{"Status Code":200,"API":"/history"},"timestamp":"2026-05-24 22:36:59,526+0530","service":"FyersAPIRequest"}
{"level":"DEBUG","location":"[debug:90] fyers_logger","message":{"Status Code":200,"API":"/history"},"timestamp":"2026-05-24 22:40:53,567+0530","service":"FyersAPIRequest"}
{"level":"DEBUG","location":"[debug:90] fyers_logger","message":{"Status Code":200,"API":"/history"},"timestamp":"2026-05-24 22:40:53,724+0530","service":"FyersAPIRequest"}
{"level":"DEBUG","location":"[debug:90] fyers_logger","message":{"Status Code":200,"API":"/profile"},"timestamp":"2026-05-24 22:43:23,055+0530","service":"FyersAPIRequest"}
{"level":"DEBUG","location":"[debug:90] fyers_logger","message":{"Status Code":422,"API":"/history"},"timestamp":"2026-05-24 22:43:23,099+0530","service":"FyersAPIRequest"}
{"level":"DEBUG","location":"[debug:90] fyers_logger","message":{"Status Code":422,"API":"/history"},"timestamp":"2026-05-24 22:43:23,281+0530","service":"FyersAPIRequest"}
{"level":"DEBUG","location":"[debug:90] fyers_logger","message":{"Status Code":200,"API":"/history"},"timestamp":"2026-05-24 22:44:39,855+0530","service":"FyersAPIRequest"}
{"level":"DEBUG","location":"[debug:90] fyers_logger","message":{"Status Code":200,"API":"/history"},"timestamp":"2026-05-24 22:44:39,978+0530","service":"FyersAPIRequest"}
{"level":"DEBUG","location":"[debug:90] fyers_logger","message":{"Status Code":200,"API":"/history"},"timestamp":"2026-05-24 22:48:35,721+0530","service":"FyersAPIRequest"}
{"level":"DEBUG","location":"[debug:90] fyers_logger","message":{"Status Code":200,"API":"/history"},"timestamp":"2026-05-24 22:48:35,852+0530","service":"FyersAPIRequest"}
{"level":"DEBUG","location":"[debug:90] fyers_logger","message":{"Status Code":200,"API":"/profile"},"timestamp":"2026-05-24 22:52:17,431+0530","service":"FyersAPIRequest"}
{"level":"DEBUG","location":"[debug:90] fyers_logger","message":{"Status Code":200,"API":"/history"},"timestamp":"2026-05-24 22:52:17,629+0530","service":"FyersAPIRequest"}
{"level":"DEBUG","location":"[debug:90] fyers_logger","message":{"Status Code":200,"API":"/history"},"timestamp":"2026-05-24 22:52:17,706+0530","service":"FyersAPIRequest"}
{"level":"DEBUG","location":"[debug:90] fyers_logger","message":{"Status Code":200,"API":"/history"},"timestamp":"2026-05-24 22:56:09,956+0530","service":"FyersAPIRequest"}
{"level":"DEBUG","location":"[debug:90] fyers_logger","message":{"Status Code":200,"API":"/history"},"timestamp":"2026-05-24 22:56:10,055+0530","service":"FyersAPIRequest"}
{"level":"DEBUG","location":"[debug:90] fyers_logger","message":{"Status Code":422,"API":"/history"},"timestamp":"2026-05-24 22:59:21,680+0530","service":"FyersAPIRequest"}
{"level":"DEBUG","location":"[debug:90] fyers_logger","message":{"Status Code":200,"API":"/history"},"timestamp":"2026-05-24 23:00:06,702+0530","service":"FyersAPIRequest"}
{"level":"DEBUG","location":"[debug:90] fyers_logger","message":{"Status Code":200,"API":"/history"},"timestamp":"2026-05-24 23:00:06,828+0530","service":"FyersAPIRequest"}
{"level":"DEBUG","location":"[debug:90] fyers_logger","message":{"Status Code":200,"API":"/history"},"timestamp":"2026-05-24 23:03:55,843+0530","service":"FyersAPIRequest"}
{"level":"DEBUG","location":"[debug:90] fyers_logger","message":{"Status Code":200,"API":"/history"},"timestamp":"2026-05-24 23:03:55,960+0530","service":"FyersAPIRequest"}
{"level":"DEBUG","location":"[debug:90] fyers_logger","message":{"Status Code":200,"API":"/history"},"timestamp":"2026-05-24 23:07:53,022+0530","service":"FyersAPIRequest"}
{"level":"DEBUG","location":"[debug:90] fyers_logger","message":{"Status Code":200,"API":"/history"},"timestamp":"2026-05-24 23:07:53,149+0530","service":"FyersAPIRequest"}
{"level":"DEBUG","location":"[debug:90] fyers_logger","message":{"Status Code":422,"API":"/history"},"timestamp":"2026-05-24 23:15:07,983+0530","service":"FyersAPIRequest"}
{"level":"DEBUG","location":"[debug:90] fyers_logger","message":{"Status Code":200,"API":"/profile"},"timestamp":"2026-05-27 11:17:19,884+0530","service":"FyersAPIRequest"}
{"level":"DEBUG","location":"[debug:90] fyers_logger","message":{"Status Code":200,"API":"/history"},"timestamp":"2026-05-27 11:17:19,939+0530","service":"FyersAPIRequest"}
{"level":"DEBUG","location":"[debug:90] fyers_logger","message":{"Status Code":200,"API":"/profile"},"timestamp":"2026-05-27 11:26:47,897+0530","service":"FyersAPIRequest"}
{"level":"DEBUG","location":"[debug:90] fyers_logger","message":{"Status Code":401,"API":"/quotes"},"timestamp":"2026-05-27 15:16:41,924+0530","service":"FyersAPIRequest"}
{"level":"DEBUG","location":"[debug:90] fyers_logger","message":{"Status Code":401,"API":"/quotes"},"timestamp":"2026-05-27 15:16:55,006+0530","service":"FyersAPIRequest"}
{"level":"DEBUG","location":"[debug:90] fyers_logger","message":{"Status Code":400,"API":"/profile"},"timestamp":"2026-05-27 15:17:23,013+0530","service":"FyersAPIRequest"}
{"level":"DEBUG","location":"[debug:90] fyers_logger","message":{"Status Code":401,"API":"/history"},"timestamp":"2026-05-30 22:08:54,272+0530","service":"FyersAPIRequest"}
{"level":"DEBUG","location":"[debug:90] fyers_logger","message":{"Status Code":401,"API":"/history"},"timestamp":"2026-05-30 22:45:58,577+0530","service":"FyersAPIRequest"}
{"level":"DEBUG","location":"[debug:90] fyers_logger","message":{"Status Code":401,"API":"/history"},"timestamp":"2026-05-30 22:45:58,629+0530","service":"FyersAPIRequest"}
{"level":"DEBUG","location":"[debug:90] fyers_logger","message":{"Status Code":401,"API":"/history"},"timestamp":"2026-05-30 22:45:58,813+0530","service":"FyersAPIRequest"}
{"level":"DEBUG","location":"[debug:90] fyers_logger","message":{"Status Code":401,"API":"/history"},"timestamp":"2026-05-30 22:45:58,993+0530","service":"FyersAPIRequest"}
{"level":"DEBUG","location":"[debug:90] fyers_logger","message":{"Status Code":401,"API":"/history"},"timestamp":"2026-05-30 22:45:59,173+0530","service":"FyersAPIRequest"}
{"level":"DEBUG","location":"[debug:90] fyers_logger","message":{"Status Code":401,"API":"/history"},"timestamp":"2026-05-30 22:45:59,358+0530","service":"FyersAPIRequest"}
{"level":"DEBUG","location":"[debug:90] fyers_logger","message":{"Status Code":401,"API":"/history"},"timestamp":"2026-05-30 22:45:59,540+0530","service":"FyersAPIRequest"}
{"level":"DEBUG","location":"[debug:90] fyers_logger","message":{"Status Code":401,"API":"/history"},"timestamp":"2026-05-30 22:45:59,708+0530","service":"FyersAPIRequest"}
{"level":"DEBUG","location":"[debug:90] fyers_logger","message":{"Status Code":401,"API":"/history"},"timestamp":"2026-05-30 22:45:59,883+0530","service":"FyersAPIRequest"}
{"level":"DEBUG","location":"[debug:90] fyers_logger","message":{"Status Code":401,"API":"/history"},"timestamp":"2026-05-30 22:46:00,079+0530","service":"FyersAPIRequest"}
{"level":"DEBUG","location":"[debug:90] fyers_logger","message":{"Status Code":401,"API":"/history"},"timestamp":"2026-05-30 22:46:00,254+0530","service":"FyersAPIRequest"}
{"level":"DEBUG","location":"[debug:90] fyers_logger","message":{"Status Code":401,"API":"/history"},"timestamp":"2026-05-30 22:46:00,438+0530","service":"FyersAPIRequest"}
{"level":"DEBUG","location":"[debug:90] fyers_logger","message":{"Status Code":401,"API":"/profile"},"timestamp":"2026-05-31 21:46:04,543+0530","service":"FyersAPIRequest"}
{"level":"DEBUG","location":"[debug:90] fyers_logger","message":{"Status Code":401,"API":"/funds"},"timestamp":"2026-06-01 22:38:16,434+0530","service":"FyersAPIRequest"}
{"level":"DEBUG","location":"[debug:90] fyers_logger","message":{"Status Code":401,"API":"/positions"},"timestamp":"2026-06-01 22:38:16,487+0530","service":"FyersAPIRequest"}
{"level":"DEBUG","location":"[debug:90] fyers_logger","message":{"Status Code":400,"API":"/profile"},"timestamp":"2026-06-02 22:28:55,804+0530","service":"FyersAPIRequest"}
{"level":"DEBUG","location":"[debug:90] fyers_logger","message":{"Status Code":401,"API":"/funds"},"timestamp":"2026-06-02 22:28:55,858+0530","service":"FyersAPIRequest"}
{"level":"DEBUG","location":"[debug:90] fyers_logger","message":{"Status Code":200,"API":"/profile"},"timestamp":"2026-06-02 22:30:42,545+0530","service":"FyersAPIRequest"}
{"level":"DEBUG","location":"[debug:90] fyers_logger","message":{"Status Code":200,"API":"/funds"},"timestamp":"2026-06-02 22:30:42,593+0530","service":"FyersAPIRequest"}
{"level":"DEBUG","location":"[debug:90] fyers_logger","message":{"Status Code":200,"API":"/profile"},"timestamp":"2026-06-02 22:42:46,300+0530","service":"FyersAPIRequest"}
{"level":"DEBUG","location":"[debug:90] fyers_logger","message":{"Status Code":200,"API":"/history"},"timestamp":"2026-06-02 22:42:46,353+0530","service":"FyersAPIRequest"}
{"level":"DEBUG","location":"[debug:90] fyers_logger","message":{"Status Code":200,"API":"/profile"},"timestamp":"2026-06-02 22:44:56,327+0530","service":"FyersAPIRequest"}
{"level":"DEBUG","location":"[debug:90] fyers_logger","message":{"Status Code":200,"API":"/history"},"timestamp":"2026-06-02 22:44:56,405+0530","service":"FyersAPIRequest"}
{"level":"DEBUG","location":"[debug:90] fyers_logger","message":{"Status Code":200,"API":"/profile"},"timestamp":"2026-06-03 16:10:02,094+0530","service":"FyersAPIRequest"}
{"level":"DEBUG","location":"[debug:90] fyers_logger","message":{"Status Code":200,"API":"/history"},"timestamp":"2026-06-03 16:10:02,156+0530","service":"FyersAPIRequest"}
